[2024-10-18 20:35:23.838] [PSS] [info] ***********  Log Begin **********
[2024-10-18 20:35:23.838] [PSS] [info] process id= 4104
[2024-10-18 20:35:23.838] [PSS] [debug] [4104|4108]streaming_driver_interface_impl.cpp:25 StreamingDriverInterfaceImpl: callback= 0x2ba0b143540, this= 0x2babc9af450
[2024-10-18 20:35:23.838] [PSS] [debug] [4104|4108]streaming_driver_interface_impl.cpp:95 SetTrackingOrigin: tracking origin= Undefined, this= 0x2babc9af450
[2024-10-18 20:35:23.838] [PSS] [debug] [4104|4108]streaming_driver_interface_impl.cpp:39 ConnectToService: try to connect to service, this= 0x2babc9af450
[2024-10-18 20:35:23.838] [PSS] [error] [4104|16960]streaming_driver_interface_impl.cpp:572 InvokeSetTrackingOrigin: "invalid media session", !media_session_, this= 0x2babc9af450
[2024-10-18 20:35:23.838] [PSS] [debug] [4104|16960]streaming_driver_interface_impl.cpp:469 InvokeConnectToService: connect to service through the network, port= 54000, this= 0x2babc9af450
[2024-10-18 20:35:23.838] [PSS] [debug] [4104|16960]transport_client_tcp2.cpp:34 Start: buffer size(send\recv): 1048576\1048576, this= 0x2bab5bb1680
[2024-10-18 20:35:23.838] [PSS] [info] [4104|16960]transport_client_tcp2.cpp:58 Start: server= 127.0.0.1:54000, local=0.0.0.0:0, this= 0x2bab5bb1680
[2024-10-18 20:35:23.838] [PSS] [debug] [4104|16960]transport_data_receiver_raw.cpp:34 UpdateConfig: enable_channel= 1, enable_packet= 1, sink= 0x2bab5bb1690, this= 0x2bad0430150
[2024-10-18 20:35:23.838] [PSS] [debug] [4104|17948]streaming_driver_interface_impl.cpp:248 NotifyConnectResult: network connect to service result= 0, this= 0x2babc9af450
[2024-10-18 20:35:23.838] [PSS] [debug] [4104|16960]streaming_driver_interface_impl.cpp:482 InvokeConnectToServiceByRpc: begin to connect to service by rpc, this= 0x2babc9af450
[2024-10-18 20:35:23.838] [PSS] [debug] [4104|17948]transport_client_tcp2.cpp:120 HandleConnect: local= 127.0.0.1:12944, this= 0x2bab5bb1680
[2024-10-18 20:35:23.839] [PSS] [debug] [4104|16960]driver_rpc.cpp:87 ConnectToService: connect to service, request_id= 0, req = client_id: "GaaKnPz2dNrq1wUl" client_name: "StreamingDriverSDK" client_version: "2.0.2.11" client_description: "StreamingSceneRender", this= 0x2bad0251470
[2024-10-18 20:35:23.839] [PSS] [debug] [4104|16960]streaming_driver_interface_impl.cpp:499 InvokeConnectToServiceByRpc: connecting to service by rpc, local client_id= GaaKnPz2dNrq1wUl, this= 0x2babc9af450
[2024-10-18 20:35:23.839] [PSS] [debug] [4104|16960]driver_rpc.cpp:277 HandleConnectToServiceResp: connect to service result= 0, this= 0x2bad0251470
[2024-10-18 20:35:23.839] [PSS] [debug] [4104|16960]streaming_driver_interface_impl.cpp:270 NotifyConnectToServiceResult: connect to service result= 0, this= 0x2babc9af450
[2024-10-18 20:35:23.839] [PSS] [debug] [4104|16960]streaming_driver_interface_impl.cpp:753 CreateMediaSession: try to create session, this= 0x2babc9af450
[2024-10-18 20:35:23.839] [PSS] [debug] [4104|16960]driver_media_session.cpp:16 DriverMediaSession: session_id= ofCGGZgTWsLgViJH, this= 0x2bad077cfe0
[2024-10-18 20:35:23.839] [PSS] [debug] [4104|16960]driver_media_session.cpp:28 Init: init media session, role= 0 session_id= ofCGGZgTWsLgViJH, description= StreamingSceneRender, conn_type= 2, event_stream {stream_id= llviYQSlfwRdYCwB},, this= 0x2bad077cfe0
[2024-10-18 20:35:23.839] [PSS] [info] [4104|16960]media_session_impl.cpp:16 SetLocalParam: set local param session_id= ofCGGZgTWsLgViJH, description= StreamingSceneRender, conn_type= 2, event_stream {stream_id= llviYQSlfwRdYCwB},, this= 0x2ba09e88a20
[2024-10-18 20:35:23.839] [PSS] [debug] [4104|16960]media_session_impl.cpp:285 UpdateStream: update stream session_id= ofCGGZgTWsLgViJH, description= StreamingSceneRender, conn_type= 2, event_stream {stream_id= llviYQSlfwRdYCwB},, this= 0x2ba09e88a20
[2024-10-18 20:35:23.840] [PSS] [debug] [4104|16960]media_transport.cpp:20 Init: try to add channel to external_transport,channel= 1, this= 0x2bad087ef30
[2024-10-18 20:35:23.840] [PSS] [debug] [4104|16960]streaming_driver_interface_impl.cpp:435 AddMediaDataCallback: add transport channel= 1,callback= 0x2bad087ef30, this= 0x2babc9af450
[2024-10-18 20:35:23.840] [PSS] [debug] [4104|16960]media_transport.cpp:27 Init: init media_transport success, this= 0x2bad087ef30
[2024-10-18 20:35:23.840] [PSS] [info] [4104|16960]event_stream_impl.cpp:16 Init: event stream stream_id= llviYQSlfwRdYCwB, this= 0x2bad024dd40
[2024-10-18 20:35:23.840] [PSS] [debug] [4104|16960]event_stream_impl.cpp:23 Init: init event stream success, this= 0x2bad024dd40
[2024-10-18 20:35:23.840] [PSS] [debug] [4104|16960]event_stream_impl.cpp:106 SetMediaTransport: set media_transport to event stream, this= 0x2bad024dd40
[2024-10-18 20:35:23.840] [PSS] [debug] [4104|16960]media_transport.cpp:55 AddMediaDataCallback: callback= 0x2bad024dd58, this= 0x2bad087ef30
[2024-10-18 20:35:23.840] [PSS] [debug] [4104|16960]media_session_impl.cpp:537 UpdateEventStream: update event stream success, stream_id= llviYQSlfwRdYCwB, this= 0x2ba09e88a20
[2024-10-18 20:35:23.840] [PSS] [debug] [4104|16960]media_session_impl.cpp:337 UpdateStream: update stream success, this= 0x2ba09e88a20
[2024-10-18 20:35:23.840] [PSS] [debug] [4104|16960]media_session_impl.cpp:30 SetLocalParam: set local param success, this= 0x2ba09e88a20
[2024-10-18 20:35:23.840] [PSS] [info] [4104|16960]media_session_impl.cpp:177 GetEventStream: stream_id= llviYQSlfwRdYCwB, this= 0x2ba09e88a20
[2024-10-18 20:35:23.840] [PSS] [debug] [4104|16960]driver_media_session.cpp:64 Init: init media session success, this= 0x2bad077cfe0
[2024-10-18 20:35:23.840] [PSS] [debug] [4104|16960]driver_media_session.cpp:89 GetLocalParam: get local param, this= 0x2bad077cfe0
[2024-10-18 20:35:23.840] [PSS] [info] [4104|16960]media_session_impl.cpp:40 GetLocalParam: get local param, session_id= ofCGGZgTWsLgViJH, description= StreamingSceneRender, conn_type= 2, event_stream {stream_id= llviYQSlfwRdYCwB},, this= 0x2ba09e88a20
[2024-10-18 20:35:23.840] [PSS] [debug] [4104|16960]driver_rpc.cpp:124 CreateSessionToService: generate session_id= ofCGGZgTWsLgViJH, this= 0x2bad0251470
[2024-10-18 20:35:23.840] [PSS] [debug] [4104|16960]driver_rpc.cpp:139 CreateSessionToService: create session, req= session_param { session_id: "ofCGGZgTWsLgViJH" description: "StreamingSceneRender" connection_type: kConnectionTcp event_streams { stream_id: "llviYQSlfwRdYCwB" connection_config { connection_type: kConnectionTcp direction: kSendAndReceive channel: 1 } } }, this= 0x2bad0251470
[2024-10-18 20:35:23.840] [PSS] [debug] [4104|16960]streaming_driver_interface_impl.cpp:793 CreateMediaSession: creating session, session_id= ofCGGZgTWsLgViJH, this= 0x2babc9af450
[2024-10-18 20:35:23.840] [PSS] [debug] [4104|16960]driver_rpc.cpp:311 HandleCreateSessionResp: create session result= 0, this= 0x2bad0251470
[2024-10-18 20:35:23.841] [PSS] [debug] [4104|16960]driver_rpc.cpp:233 UpdateSessionState: service update session state, request_id= 5553, request_msg= session_state: kSessionStateReady session_param { session_id: "ofCGGZgTWsLgViJH" description: "StreamingSceneRender" connection_type: kConnectionTcp event_streams { stream_id: "llviYQSlfwRdYCwB" connection_config { connection_type: kConnectionTcp direction: kSendAndReceive channel: 1 } } }, this= 0x2bad0251470
[2024-10-18 20:35:23.841] [PSS] [debug] [4104|16960]streaming_driver_interface_impl.cpp:323 NotifyServiceUpdateSessionState: state= 2, this= 0x2babc9af450
[2024-10-18 20:35:23.841] [PSS] [debug] [4104|16960]driver_media_session.cpp:100 UpdateSessionState: state= 2, param 000002BAD08450D0, this= 0x2bad077cfe0
[2024-10-18 20:35:23.841] [PSS] [info] [4104|16960]media_session_impl.cpp:44 SetRemoteParam: set remote param session_id= ofCGGZgTWsLgViJH, description= StreamingSceneRender, conn_type= 2, event_stream {stream_id= llviYQSlfwRdYCwB},, this= 0x2ba09e88a20
[2024-10-18 20:35:23.841] [PSS] [debug] [4104|16960]media_session_impl.cpp:543 NegotiateParam: input remote param session_id= ofCGGZgTWsLgViJH, description= StreamingSceneRender, conn_type= 2, event_stream {stream_id= llviYQSlfwRdYCwB},, this= 0x2ba09e88a20
[2024-10-18 20:35:23.841] [PSS] [debug] [4104|16960]media_session_impl.cpp:545 NegotiateParam: input local param session_id= ofCGGZgTWsLgViJH, description= StreamingSceneRender, conn_type= 2, event_stream {stream_id= llviYQSlfwRdYCwB},, this= 0x2ba09e88a20
[2024-10-18 20:35:23.841] [PSS] [debug] [4104|16960]media_session_impl.cpp:632 NegotiateParam: output local param session_id= ofCGGZgTWsLgViJH, description= StreamingSceneRender, conn_type= 2, event_stream {stream_id= llviYQSlfwRdYCwB},, this= 0x2ba09e88a20
[2024-10-18 20:35:23.841] [PSS] [debug] [4104|16960]media_session_impl.cpp:285 UpdateStream: update stream session_id= ofCGGZgTWsLgViJH, description= StreamingSceneRender, conn_type= 2, event_stream {stream_id= llviYQSlfwRdYCwB},, this= 0x2ba09e88a20
[2024-10-18 20:35:23.841] [PSS] [debug] [4104|16960]media_session_impl.cpp:506 UpdateEventStream: event stream existed, reset it, this= 0x2ba09e88a20
[2024-10-18 20:35:23.841] [PSS] [debug] [4104|16960]event_stream_impl.cpp:27 Reset: reset event stream= llviYQSlfwRdYCwB, this= 0x2bad024dd40
[2024-10-18 20:35:23.841] [PSS] [debug] [4104|16960]media_transport.cpp:31 Reset: reset media_transport, this= 0x2bad087ef30
[2024-10-18 20:35:23.841] [PSS] [debug] [4104|16960]media_transport.cpp:20 Init: try to add channel to external_transport,channel= 1, this= 0x2bad087f190
[2024-10-18 20:35:23.841] [PSS] [debug] [4104|16960]streaming_driver_interface_impl.cpp:435 AddMediaDataCallback: add transport channel= 1,callback= 0x2bad087f190, this= 0x2babc9af450
[2024-10-18 20:35:23.841] [PSS] [debug] [4104|16960]media_transport.cpp:27 Init: init media_transport success, this= 0x2bad087f190
[2024-10-18 20:35:23.841] [PSS] [info] [4104|16960]event_stream_impl.cpp:16 Init: event stream stream_id= llviYQSlfwRdYCwB, this= 0x2bad024dd40
[2024-10-18 20:35:23.841] [PSS] [debug] [4104|16960]event_stream_impl.cpp:23 Init: init event stream success, this= 0x2bad024dd40
[2024-10-18 20:35:23.841] [PSS] [debug] [4104|16960]event_stream_impl.cpp:106 SetMediaTransport: set media_transport to event stream, this= 0x2bad024dd40
[2024-10-18 20:35:23.841] [PSS] [debug] [4104|16960]media_transport.cpp:55 AddMediaDataCallback: callback= 0x2bad024dd58, this= 0x2bad087f190
[2024-10-18 20:35:23.841] [PSS] [debug] [4104|16960]media_session_impl.cpp:537 UpdateEventStream: update event stream success, stream_id= llviYQSlfwRdYCwB, this= 0x2ba09e88a20
[2024-10-18 20:35:23.841] [PSS] [debug] [4104|16960]media_session_impl.cpp:337 UpdateStream: update stream success, this= 0x2ba09e88a20
[2024-10-18 20:35:23.841] [PSS] [debug] [4104|16960]media_session_impl.cpp:63 SetRemoteParam: set remote param success, this= 0x2ba09e88a20
[2024-10-18 20:35:23.841] [PSS] [info] [4104|16960]media_session_impl.cpp:206 Start: start session, session_id= ofCGGZgTWsLgViJH, this= 0x2ba09e88a20
[2024-10-18 20:35:23.841] [PSS] [debug] [4104|16960]media_session_impl.cpp:230 Start: start video_receive stream, this= 0x2ba09e88a20
[2024-10-18 20:35:23.841] [PSS] [debug] [4104|16960]event_stream_impl.cpp:43 Start: stream_id= llviYQSlfwRdYCwB, this= 0x2bad024dd40
[2024-10-18 20:35:23.841] [PSS] [debug] [4104|16960]media_session_impl.cpp:238 Start: start session success, session_id= ofCGGZgTWsLgViJH, this= 0x2ba09e88a20
[2024-10-18 20:35:23.841] [PSS] [debug] [4104|16960]driver_media_session.cpp:133 UpdateSessionState: update session config success, this= 0x2bad077cfe0
[2024-10-18 20:35:23.841] [PSS] [debug] [4104|16960]streaming_driver_interface_impl.cpp:341 NotifyServiceUpdateSessionState: session is ready, report connect success, this= 0x2babc9af450
[2024-10-18 20:35:23.842] [PSS] [debug] [4104|6772]streaming_driver_interface_impl.cpp:719 HandleUpdateRenderState: state_type: kStateTypePrepared device_info { device_id: "hmd_RfhK4oRc" device_name: "StreamingServiceAndroid" }, this= 0x2babc9af450
[2024-10-18 20:35:23.842] [PSS] [info] [4104|6772]streaming_driver_interface_impl.cpp:57 StartStreaming: (1920,1920), fps= 72, this= 0x2babc9af450
[2024-10-18 20:35:23.842] [PSS] [debug] [4104|16960]streaming_driver_interface_impl.cpp:522 InvokeStartStreaming: send start event to service, this= 0x2babc9af450
[2024-10-18 20:35:25.709] [PSS] [debug] [4104|6772]streaming_driver_interface_impl.cpp:719 HandleUpdateRenderState: state_type: kStateTypeStarted, this= 0x2babc9af450
[2024-10-18 20:35:25.709] [PSS] [debug] [4104|6772]streaming_driver_interface_impl.cpp:171 StartHandTracking: start hand tracking, this= 0x2babc9af450
[2024-10-18 20:35:25.709] [PSS] [error] [4104|6772]streaming_driver_interface_impl.cpp:190 RequestHandTrackingData: "hand_tracking not started", !hand_tracking_flag_, this= 0x2babc9af450
[2024-10-18 20:36:36.906] [PSS] [info] [4104|4108]streaming_driver_interface_impl.cpp:67 StopStreaming: stop streaming, this= 0x2babc9af450
[2024-10-18 20:36:36.906] [PSS] [debug] [4104|4108]streaming_driver_interface_impl.cpp:180 StopHandTracking: stop hand tracking, this= 0x2babc9af450
[2024-10-18 20:36:36.906] [PSS] [debug] [4104|16960]streaming_driver_interface_impl.cpp:534 InvokeStopStreaming: stop streaming, state= 2, this= 0x2babc9af450
[2024-10-18 20:36:36.906] [PSS] [error] [4104|16960]streaming_driver_interface_impl.cpp:584 InvokeChangeHandTrackingState: "streaming not started", streaming_state_ != StreamingState::kStreamingReady, this= 0x2babc9af450
[2024-10-18 20:36:36.907] [PSS] [debug] [4104|16960]streaming_driver_interface_impl.cpp:503 InvokeDisconnectFromService: disconnect from service, this= 0x2babc9af450
[2024-10-18 20:36:36.907] [PSS] [debug] [4104|16960]driver_media_session.cpp:68 Reset: reset client session, this= 0x2bad077cfe0
[2024-10-18 20:36:36.907] [PSS] [info] [4104|16960]media_session_impl.cpp:258 Stop: stop session, session_id= ofCGGZgTWsLgViJH, this= 0x2ba09e88a20
[2024-10-18 20:36:36.907] [PSS] [debug] [4104|16960]event_stream_impl.cpp:49 Stop: stream_id= llviYQSlfwRdYCwB, this= 0x2bad024dd40
[2024-10-18 20:36:36.907] [PSS] [debug] [4104|16960]media_session_impl.cpp:281 Stop: stop session success, session_id= ofCGGZgTWsLgViJH, this= 0x2ba09e88a20
[2024-10-18 20:36:36.907] [PSS] [debug] [4104|16960]event_stream_impl.cpp:27 Reset: reset event stream= llviYQSlfwRdYCwB, this= 0x2bad024dd40
[2024-10-18 20:36:36.907] [PSS] [debug] [4104|16960]media_transport.cpp:31 Reset: reset media_transport, this= 0x2bad087f190
[2024-10-18 20:36:36.908] [PSS] [debug] [4104|16960]driver_media_session.cpp:78 Reset: reset client session success, this= 0x2bad077cfe0
[2024-10-18 20:36:36.908] [PSS] [debug] [4104|16960]driver_media_session.cpp:68 Reset: reset client session, this= 0x2bad077cfe0
[2024-10-18 20:36:36.908] [PSS] [debug] [4104|16960]driver_media_session.cpp:78 Reset: reset client session success, this= 0x2bad077cfe0
[2024-10-18 20:36:36.908] [PSS] [debug] [4104|16960]driver_rpc.cpp:109 DisconnectFromService: disconnect from service, request_id= 2req = client_id: "GaaKnPz2dNrq1wUl", this= 0x2bad0251470
[2024-10-18 20:36:37.009] [PSS] [debug] [4104|16960]driver_rpc.cpp:294 HandleDisconnectFromServiceResp: disconnect from service result= -5, this= 0x2bad0251470
[2024-10-18 20:36:37.009] [PSS] [error] [4104|16960]driver_rpc.cpp:299 HandleDisconnectFromServiceResp: rpc error, this= 0x2bad0251470
[2024-10-18 20:36:37.009] [PSS] [debug] [4104|16960]streaming_driver_interface_impl.cpp:287 NotifyDisconnectFromServiceResult: disconnect from service result= -5, this= 0x2babc9af450
[2024-10-18 20:36:37.020] [PSS] [error] [4104|17948]transport_client_tcp2.cpp:176 HandleReceiveDataResult: receive error= 10054, msg= 远程主机强迫关闭了一个现有的连接。
[2024-10-18 20:36:37.020] [PSS] [error] [4104|17948]transport_client_tcp2.cpp:180 HandleReceiveDataResult: has been disconnected, this= 0x2bab5bb1680
[2024-10-18 20:36:37.020] [PSS] [debug] [4104|16960]streaming_driver_interface_impl.cpp:699 HandleNetworkDisconnect: handle network disconnect,reason= 10054, this= 0x2babc9af450
